c:\users\yaffy\documents\visual studio 2015\projects\myopenglreviews\first\debug\first.pch
c:\users\yaffy\documents\visual studio 2015\projects\myopenglreviews\first\debug\vc140.pdb
c:\users\yaffy\documents\visual studio 2015\projects\myopenglreviews\first\debug\vc140.idb
c:\users\yaffy\documents\visual studio 2015\projects\myopenglreviews\first\debug\stdafx.obj
c:\users\yaffy\documents\visual studio 2015\projects\myopenglreviews\first\debug\control.obj
c:\users\yaffy\documents\visual studio 2015\projects\myopenglreviews\first\debug\first.obj
c:\users\yaffy\documents\visual studio 2015\projects\myopenglreviews\debug\first.pdb
c:\users\yaffy\documents\visual studio 2015\projects\myopenglreviews\first\debug\first.tlog\cl.command.1.tlog
c:\users\yaffy\documents\visual studio 2015\projects\myopenglreviews\first\debug\first.tlog\cl.read.1.tlog
c:\users\yaffy\documents\visual studio 2015\projects\myopenglreviews\first\debug\first.tlog\cl.write.1.tlog
c:\users\yaffy\documents\visual studio 2015\projects\myopenglreviews\first\debug\first.tlog\link-cvtres.read.1.tlog
c:\users\yaffy\documents\visual studio 2015\projects\myopenglreviews\first\debug\first.tlog\link-cvtres.write.1.tlog
c:\users\yaffy\documents\visual studio 2015\projects\myopenglreviews\first\debug\first.tlog\link-rc.read.1.tlog
c:\users\yaffy\documents\visual studio 2015\projects\myopenglreviews\first\debug\first.tlog\link-rc.write.1.tlog
c:\users\yaffy\documents\visual studio 2015\projects\myopenglreviews\first\debug\first.tlog\link.13344-cvtres.read.1.tlog
c:\users\yaffy\documents\visual studio 2015\projects\myopenglreviews\first\debug\first.tlog\link.13344-cvtres.write.1.tlog
c:\users\yaffy\documents\visual studio 2015\projects\myopenglreviews\first\debug\first.tlog\link.13344-rc.read.1.tlog
c:\users\yaffy\documents\visual studio 2015\projects\myopenglreviews\first\debug\first.tlog\link.13344-rc.write.1.tlog
c:\users\yaffy\documents\visual studio 2015\projects\myopenglreviews\first\debug\first.tlog\link.13344.read.1.tlog
c:\users\yaffy\documents\visual studio 2015\projects\myopenglreviews\first\debug\first.tlog\link.13344.write.1.tlog
c:\users\yaffy\documents\visual studio 2015\projects\myopenglreviews\first\debug\first.tlog\link.command.1.tlog
c:\users\yaffy\documents\visual studio 2015\projects\myopenglreviews\first\debug\first.tlog\link.read.1.tlog
c:\users\yaffy\documents\visual studio 2015\projects\myopenglreviews\first\debug\first.tlog\link.write.1.tlog
