  Second.cpp
c:\users\yaffy\documents\visual studio 2015\projects\myopenglreviews\second\second.cpp(204): warning C4244: 'initializing': conversion from 'double' to 'GLfloat', possible loss of data
c:\users\yaffy\documents\visual studio 2015\projects\myopenglreviews\second\second.cpp(238): warning C4305: 'argument': truncation from 'double' to 'GLfloat'
c:\users\yaffy\documents\visual studio 2015\projects\myopenglreviews\second\second.cpp(239): warning C4305: 'argument': truncation from 'double' to 'GLfloat'
c:\users\yaffy\documents\visual studio 2015\projects\myopenglreviews\second\second.cpp(246): warning C4305: 'argument': truncation from 'double' to 'GLfloat'
c:\users\yaffy\documents\visual studio 2015\projects\myopenglreviews\second\second.cpp(247): warning C4305: 'argument': truncation from 'double' to 'GLfloat'
c:\users\yaffy\documents\visual studio 2015\projects\myopenglreviews\second\second.cpp(254): warning C4305: 'argument': truncation from 'double' to 'GLfloat'
c:\users\yaffy\documents\visual studio 2015\projects\myopenglreviews\second\second.cpp(255): warning C4305: 'argument': truncation from 'double' to 'GLfloat'
c:\users\yaffy\documents\visual studio 2015\projects\myopenglreviews\second\second.cpp(262): warning C4305: 'argument': truncation from 'double' to 'GLfloat'
c:\users\yaffy\documents\visual studio 2015\projects\myopenglreviews\second\second.cpp(263): warning C4305: 'argument': truncation from 'double' to 'GLfloat'
c:\users\yaffy\documents\visual studio 2015\projects\myopenglreviews\second\second.cpp(273): warning C4305: 'argument': truncation from 'double' to 'GLfloat'
c:\users\yaffy\documents\visual studio 2015\projects\myopenglreviews\second\second.cpp(274): warning C4305: 'argument': truncation from 'double' to 'GLfloat'
c:\users\yaffy\documents\visual studio 2015\projects\myopenglreviews\second\second.cpp(363): warning C4244: '=': conversion from 'double' to 'GLfloat', possible loss of data
c:\users\yaffy\documents\visual studio 2015\projects\myopenglreviews\second\second.cpp(364): warning C4244: '=': conversion from 'double' to 'GLfloat', possible loss of data
c:\users\yaffy\documents\visual studio 2015\projects\myopenglreviews\second\second.cpp(368): warning C4244: 'initializing': conversion from 'double' to 'GLfloat', possible loss of data
c:\users\yaffy\documents\visual studio 2015\projects\myopenglreviews\second\second.cpp(369): warning C4244: 'initializing': conversion from 'double' to 'GLfloat', possible loss of data
c:\users\yaffy\documents\visual studio 2015\projects\myopenglreviews\second\second.cpp(371): warning C4244: '=': conversion from 'double' to 'GLfloat', possible loss of data
c:\users\yaffy\documents\visual studio 2015\projects\myopenglreviews\second\second.cpp(372): warning C4244: '=': conversion from 'double' to 'GLfloat', possible loss of data
c:\users\yaffy\documents\visual studio 2015\projects\myopenglreviews\second\second.cpp(379): warning C4244: 'argument': conversion from 'double' to 'GLfloat', possible loss of data
  Second.vcxproj -> C:\Users\yaffy\Documents\Visual Studio 2015\Projects\MyOpenGLReviews\Debug\Second.exe
